<?xml version="1.0" encoding="UTF-8"?>
<!-- Generated by org.testng.reporters.JUnitReportReporter -->
<testsuite ignored="0" hostname="matas.local" failures="0" tests="1" name="Test.MainTest" time="26.307" errors="0" timestamp="28 Aug 2022 16:05:38 GMT" skipped="0">
  <testcase classname="Test.MainTest" name="maintest" time="26.307"/>
</testsuite> <!-- Test.MainTest -->
